<?xml version="1.0" encoding="UTF-8"?>
<testsuite name="in.projecteka.fidelius.FideliusApplicationTests" tests="1" skipped="0" failures="0" errors="0" timestamp="2024-02-29T07:23:21" hostname="BSPL152" time="0.632">
  <properties/>
  <testcase name="contextLoads()" classname="in.projecteka.fidelius.FideliusApplicationTests" time="0.632"/>
  <system-out><![CDATA[12:53:17.451 [Test worker] DEBUG org.springframework.test.context.BootstrapUtils - Instantiating CacheAwareContextLoaderDelegate from class [org.springframework.test.context.cache.DefaultCacheAwareContextLoaderDelegate]
12:53:17.472 [Test worker] DEBUG org.springframework.test.context.BootstrapUtils - Instantiating BootstrapContext using constructor [public org.springframework.test.context.support.DefaultBootstrapContext(java.lang.Class,org.springframework.test.context.CacheAwareContextLoaderDelegate)]
12:53:17.518 [Test worker] DEBUG org.springframework.test.context.BootstrapUtils - Instantiating TestContextBootstrapper for test class [in.projecteka.fidelius.FideliusApplicationTests] from class [org.springframework.boot.test.context.SpringBootTestContextBootstrapper]
12:53:17.534 [Test worker] INFO org.springframework.boot.test.context.SpringBootTestContextBootstrapper - Neither @ContextConfiguration nor @ContextHierarchy found for test class [in.projecteka.fidelius.FideliusApplicationTests], using SpringBootContextLoader
12:53:17.540 [Test worker] DEBUG org.springframework.test.context.support.AbstractContextLoader - Did not detect default resource location for test class [in.projecteka.fidelius.FideliusApplicationTests]: class path resource [in/projecteka/fidelius/FideliusApplicationTests-context.xml] does not exist
12:53:17.541 [Test worker] DEBUG org.springframework.test.context.support.AbstractContextLoader - Did not detect default resource location for test class [in.projecteka.fidelius.FideliusApplicationTests]: class path resource [in/projecteka/fidelius/FideliusApplicationTestsContext.groovy] does not exist
12:53:17.542 [Test worker] INFO org.springframework.test.context.support.AbstractContextLoader - Could not detect default resource locations for test class [in.projecteka.fidelius.FideliusApplicationTests]: no resource found for suffixes {-context.xml, Context.groovy}.
12:53:17.543 [Test worker] INFO org.springframework.test.context.support.AnnotationConfigContextLoaderUtils - Could not detect default configuration classes for test class [in.projecteka.fidelius.FideliusApplicationTests]: FideliusApplicationTests does not declare any static, non-private, non-final, nested classes annotated with @Configuration.
12:53:17.614 [Test worker] DEBUG org.springframework.test.context.support.ActiveProfilesUtils - Could not find an 'annotation declaring class' for annotation type [org.springframework.test.context.ActiveProfiles] and class [in.projecteka.fidelius.FideliusApplicationTests]
12:53:17.731 [Test worker] DEBUG org.springframework.context.annotation.ClassPathScanningCandidateComponentProvider - Identified candidate component class: file [G:\Arun\7001\ABDM\ABHAFolder\fidelius-master\build\classes\java\main\in\projecteka\fidelius\FideliusApplication.class]
12:53:17.732 [Test worker] INFO org.springframework.boot.test.context.SpringBootTestContextBootstrapper - Found @SpringBootConfiguration in.projecteka.fidelius.FideliusApplication for test class in.projecteka.fidelius.FideliusApplicationTests
12:53:17.894 [Test worker] DEBUG org.springframework.boot.test.context.SpringBootTestContextBootstrapper - @TestExecutionListeners is not present for class [in.projecteka.fidelius.FideliusApplicationTests]: using defaults.
12:53:17.895 [Test worker] INFO org.springframework.boot.test.context.SpringBootTestContextBootstrapper - Loaded default TestExecutionListener class names from location [META-INF/spring.factories]: [org.springframework.boot.test.autoconfigure.restdocs.RestDocsTestExecutionListener, org.springframework.boot.test.autoconfigure.web.client.MockRestServiceServerResetTestExecutionListener, org.springframework.boot.test.autoconfigure.web.servlet.MockMvcPrintOnlyOnFailureTestExecutionListener, org.springframework.boot.test.autoconfigure.web.servlet.WebDriverTestExecutionListener, org.springframework.boot.test.autoconfigure.webservices.client.MockWebServiceServerTestExecutionListener, org.springframework.boot.test.mock.mockito.MockitoTestExecutionListener, org.springframework.boot.test.mock.mockito.ResetMocksTestExecutionListener, org.springframework.test.context.web.ServletTestExecutionListener, org.springframework.test.context.support.DirtiesContextBeforeModesTestExecutionListener, org.springframework.test.context.event.ApplicationEventsTestExecutionListener, org.springframework.test.context.support.DependencyInjectionTestExecutionListener, org.springframework.test.context.support.DirtiesContextTestExecutionListener, org.springframework.test.context.transaction.TransactionalTestExecutionListener, org.springframework.test.context.jdbc.SqlScriptsTestExecutionListener, org.springframework.test.context.event.EventPublishingTestExecutionListener]
12:53:17.914 [Test worker] DEBUG org.springframework.boot.test.context.SpringBootTestContextBootstrapper - Skipping candidate TestExecutionListener [org.springframework.test.context.transaction.TransactionalTestExecutionListener] due to a missing dependency. Specify custom listener classes or make the default listener classes and their required dependencies available. Offending class: [org/springframework/transaction/interceptor/TransactionAttributeSource]
12:53:17.915 [Test worker] DEBUG org.springframework.boot.test.context.SpringBootTestContextBootstrapper - Skipping candidate TestExecutionListener [org.springframework.test.context.jdbc.SqlScriptsTestExecutionListener] due to a missing dependency. Specify custom listener classes or make the default listener classes and their required dependencies available. Offending class: [org/springframework/transaction/interceptor/TransactionAttribute]
12:53:17.916 [Test worker] INFO org.springframework.boot.test.context.SpringBootTestContextBootstrapper - Using TestExecutionListeners: [org.springframework.test.context.web.ServletTestExecutionListener@2ba6a0b2, org.springframework.test.context.support.DirtiesContextBeforeModesTestExecutionListener@20e9b354, org.springframework.test.context.event.ApplicationEventsTestExecutionListener@584730d2, org.springframework.boot.test.mock.mockito.MockitoTestExecutionListener@6e3af9fb, org.springframework.boot.test.autoconfigure.SpringBootDependencyInjectionTestExecutionListener@700767be, org.springframework.test.context.support.DirtiesContextTestExecutionListener@1d1919f9, org.springframework.test.context.event.EventPublishingTestExecutionListener@7cb96b28, org.springframework.boot.test.autoconfigure.restdocs.RestDocsTestExecutionListener@45f5a065, org.springframework.boot.test.autoconfigure.web.client.MockRestServiceServerResetTestExecutionListener@e0405f2, org.springframework.boot.test.autoconfigure.web.servlet.MockMvcPrintOnlyOnFailureTestExecutionListener@5b87131a, org.springframework.boot.test.autoconfigure.web.servlet.WebDriverTestExecutionListener@6c50c369, org.springframework.boot.test.autoconfigure.webservices.client.MockWebServiceServerTestExecutionListener@44ea00e, org.springframework.boot.test.mock.mockito.ResetMocksTestExecutionListener@2acb1ee0]
12:53:17.924 [Test worker] DEBUG org.springframework.test.context.support.AbstractDirtiesContextTestExecutionListener - Before test class: context [DefaultTestContext@6c053d9 testClass = FideliusApplicationTests, testInstance = [null], testMethod = [null], testException = [null], mergedContextConfiguration = [WebMergedContextConfiguration@54a241d4 testClass = FideliusApplicationTests, locations = '{}', classes = '{class in.projecteka.fidelius.FideliusApplication}', contextInitializerClasses = '[]', activeProfiles = '{}', propertySourceLocations = '{}', propertySourceProperties = '{org.springframework.boot.test.context.SpringBootTestContextBootstrapper=true}', contextCustomizers = set[org.springframework.boot.test.autoconfigure.actuate.metrics.MetricsExportContextCustomizerFactory$DisableMetricExportContextCustomizer@39b6a9a1, org.springframework.boot.test.autoconfigure.properties.PropertyMappingContextCustomizer@0, org.springframework.boot.test.autoconfigure.web.servlet.WebDriverContextCustomizerFactory$Customizer@59739cc1, org.springframework.boot.test.context.filter.ExcludeFilterContextCustomizer@96b3e29, org.springframework.boot.test.json.DuplicateJsonObjectContextCustomizerFactory$DuplicateJsonObjectContextCustomizer@164ed460, org.springframework.boot.test.mock.mockito.MockitoContextCustomizer@0, org.springframework.boot.test.web.client.TestRestTemplateContextCustomizer@7529cc1, org.springframework.boot.test.context.SpringBootTestArgs@1, org.springframework.boot.test.context.SpringBootTestWebEnvironment@27701c48], resourceBasePath = 'src/main/webapp', contextLoader = 'org.springframework.boot.test.context.SpringBootContextLoader', parent = [null]], attributes = map['org.springframework.test.context.web.ServletTestExecutionListener.activateListener' -> true]], class annotated with @DirtiesContext [false] with mode [null].
12:53:17.966 [Test worker] DEBUG org.springframework.test.context.support.TestPropertySourceUtils - Adding inlined properties to environment: {spring.jmx.enabled=false, org.springframework.boot.test.context.SpringBootTestContextBootstrapper=true}

  .   ____          _            __ _ _
 /\\ / ___'_ __ _ _(_)_ __  __ _ \ \ \ \
( ( )\___ | '_ | '_| | '_ \/ _` | \ \ \ \
 \\/  ___)| |_)| | | | | || (_| |  ) ) ) )
  '  |____| .__|_| |_|_| |_\__, | / / / /
 =========|_|==============|___/=/_/_/_/
 :: Spring Boot ::                (v2.4.3)

2024-02-29 12:53:18.385  INFO 3828 --- [    Test worker] i.p.fidelius.FideliusApplicationTests    : Starting FideliusApplicationTests using Java 15.0.2 on BSPL152 with PID 3828 (started by user in G:\Arun\7001\ABDM\ABHAFolder\fidelius-master)
2024-02-29 12:53:18.392  INFO 3828 --- [    Test worker] i.p.fidelius.FideliusApplicationTests    : No active profile set, falling back to default profiles: default
2024-02-29 12:53:21.143  INFO 3828 --- [    Test worker] o.s.s.concurrent.ThreadPoolTaskExecutor  : Initializing ExecutorService 'applicationTaskExecutor'
2024-02-29 12:53:21.671  INFO 3828 --- [    Test worker] i.p.fidelius.FideliusApplicationTests    : Started FideliusApplicationTests in 3.695 seconds (JVM running for 5.381)
]]></system-out>
  <system-err><![CDATA[]]></system-err>
</testsuite>
